#1 [internal] load build definition from Dockerfile
#1 transferring dockerfile: 681B done
#1 DONE 0.2s

#2 [internal] load .dockerignore
#2 transferring context: 2B done
#2 DONE 0.3s

#3 [internal] load metadata for quay.io/bgruening/galaxy:24.2
#3 DONE 0.0s

#4 [1/9] FROM quay.io/bgruening/galaxy:24.2
#4 CACHED

#5 [internal] load build context
#5 transferring context: 467B done
#5 DONE 0.2s

#6 [2/9] COPY config/gaiac.yml /etc/galaxy/tools.yml
#6 DONE 0.5s

#7 [3/9] COPY gravity.yml /etc/galaxy/gravity.yml
#7 DONE 0.7s

#8 [4/9] COPY install_tools_wrapper.sh /usr/bin/install-tools
#8 DONE 0.6s

#9 [5/9] RUN chmod +x /usr/bin/install-tools
#9 DONE 1.1s

#10 [6/9] RUN install-tools  /etc/galaxy/tools.yml
#10 0.968 Enable installation from the Test Tool Shed.
#10 2.469  * Starting PostgreSQL 15 database server
#10 5.372    ...done.
#10 5.416 starting Galaxy
#10 6.139 Activating virtualenv at /galaxy_venv
#10 7.160 Requirement already satisfied: pip>=20.3 in /galaxy_venv/lib/python3.12/site-packages (25.0.1)
#10 7.160 Requirement already satisfied: wheel in /galaxy_venv/lib/python3.12/site-packages (0.45.1)
#10 7.725 
#10 7.725 [notice] A new release of pip is available: 25.0.1 -> 25.2
#10 7.725 [notice] To update, run: pip install --upgrade pip
#10 8.242 Looking in indexes: https://wheels.galaxyproject.org/simple, https://pypi.python.org/simple
#10 8.243 Ignoring async-timeout: markers 'python_full_version < "3.11"' don't match your environment
#10 8.243 Ignoring backports-zoneinfo: markers 'python_full_version < "3.9"' don't match your environment
#10 8.243 Ignoring colorama: markers 'platform_system == "Windows"' don't match your environment
#10 8.244 Ignoring exceptiongroup: markers 'python_full_version < "3.11"' don't match your environment
#10 8.244 Ignoring fissix: markers 'python_full_version >= "3.13"' don't match your environment
#10 8.244 Ignoring h5py: markers 'python_full_version < "3.9"' don't match your environment
#10 8.245 Ignoring importlib-resources: markers 'python_full_version < "3.9"' don't match your environment
#10 8.245 Collecting isa-rwval@ git+https://github.com/nsoranzo/isa-rwval.git@3d989181058d2765a93cb0e7ca85d6955e0eb6ef (from -r requirements.txt (line 91))
#10 8.246   Cloning https://github.com/nsoranzo/isa-rwval.git (to revision 3d989181058d2765a93cb0e7ca85d6955e0eb6ef) to /tmp/pip-install-bh4e5a_i/isa-rwval_093a7576d4a94a0e9c18e1b25f1d2165
#10 8.267   Running command git clone --filter=blob:none --quiet https://github.com/nsoranzo/isa-rwval.git /tmp/pip-install-bh4e5a_i/isa-rwval_093a7576d4a94a0e9c18e1b25f1d2165
#10 9.236   Running command git rev-parse -q --verify 'sha^3d989181058d2765a93cb0e7ca85d6955e0eb6ef'
#10 9.253   Running command git fetch -q https://github.com/nsoranzo/isa-rwval.git 3d989181058d2765a93cb0e7ca85d6955e0eb6ef
#10 9.500   Running command git checkout -q 3d989181058d2765a93cb0e7ca85d6955e0eb6ef
#10 9.866   Resolved https://github.com/nsoranzo/isa-rwval.git to commit 3d989181058d2765a93cb0e7ca85d6955e0eb6ef
#10 9.870   Preparing metadata (setup.py): started
#10 10.50   Preparing metadata (setup.py): finished with status 'done'
#10 10.50 Ignoring legacy-cgi: markers 'python_full_version >= "3.13"' don't match your environment
#10 10.50 Ignoring numpy: markers 'python_full_version < "3.9"' don't match your environment
#10 10.50 Ignoring numpy: markers 'python_full_version == "3.9.*"' don't match your environment
#10 10.50 Ignoring pkgutil-resolve-name: markers 'python_full_version < "3.9"' don't match your environment
#10 10.50 Ignoring pyreadline3: markers 'sys_platform == "win32"' don't match your environment
#10 10.50 Ignoring tomli: markers 'python_full_version < "3.11"' don't match your environment
#10 10.50 Requirement already satisfied: a2wsgi==1.10.7 in /galaxy_venv/lib/python3.12/site-packages (from -r requirements.txt (line 3)) (1.10.7)
#10 10.50 Requirement already satisfied: adal==1.2.7 in /galaxy_venv/lib/python3.12/site-packages (from -r requirements.txt (line 4)) (1.2.7)
#10 10.50 Requirement already satisfied: aiobotocore==2.15.2 in /galaxy_venv/lib/python3.12/site-packages (from -r requirements.txt (line 5)) (2.15.2)
#10 10.50 Requirement already satisfied: aiodataloader==0.4.0 in /galaxy_venv/lib/python3.12/site-packages (from -r requirements.txt (line 6)) (0.4.0)
#10 10.50 Requirement already satisfied: aiofiles==24.1.0 in /galaxy_venv/lib/python3.12/site-packages (from -r requirements.txt (line 7)) (24.1.0)
#10 10.50 Requirement already satisfied: aiohappyeyeballs==2.4.3 in /galaxy_venv/lib/python3.12/site-packages (from -r requirements.txt (line 8)) (2.4.3)
#10 10.50 Requirement already satisfied: aiohttp==3.10.11 in /galaxy_venv/lib/python3.12/site-packages (from -r requirements.txt (line 9)) (3.10.11)
#10 10.50 Requirement already satisfied: aioitertools==0.12.0 in /galaxy_venv/lib/python3.12/site-packages (from -r requirements.txt (line 10)) (0.12.0)
#10 10.51 Requirement already satisfied: aiosignal==1.3.1 in /galaxy_venv/lib/python3.12/site-packages (from -r requirements.txt (line 11)) (1.3.1)
#10 10.51 Requirement already satisfied: alembic==1.14.0 in /galaxy_venv/lib/python3.12/site-packages (from -r requirements.txt (line 12)) (1.14.0)
#10 10.51 Requirement already satisfied: amqp==5.3.1 in /galaxy_venv/lib/python3.12/site-packages (from -r requirements.txt (line 13)) (5.3.1)
#10 10.51 Requirement already satisfied: annotated-types==0.7.0 in /galaxy_venv/lib/python3.12/site-packages (from -r requirements.txt (line 14)) (0.7.0)
#10 10.51 Requirement already satisfied: anyio==4.5.2 in /galaxy_venv/lib/python3.12/site-packages (from -r requirements.txt (line 15)) (4.5.2)
#10 10.51 Requirement already satisfied: apispec==6.6.1 in /galaxy_venv/lib/python3.12/site-packages (from -r requirements.txt (line 16)) (6.6.1)
#10 10.51 Requirement already satisfied: appdirs==1.4.4 in /galaxy_venv/lib/python3.12/site-packages (from -r requirements.txt (line 17)) (1.4.4)
#10 10.51 Requirement already satisfied: arcp==0.2.1 in /galaxy_venv/lib/python3.12/site-packages (from -r requirements.txt (line 18)) (0.2.1)
#10 10.51 Requirement already satisfied: argcomplete==3.5.1 in /galaxy_venv/lib/python3.12/site-packages (from -r requirements.txt (line 19)) (3.5.1)
#10 10.51 Requirement already satisfied: attmap==0.13.2 in /galaxy_venv/lib/python3.12/site-packages (from -r requirements.txt (line 21)) (0.13.2)
#10 10.51 Requirement already satisfied: attrs==24.2.0 in /galaxy_venv/lib/python3.12/site-packages (from -r requirements.txt (line 22)) (24.2.0)
#10 10.51 Requirement already satisfied: babel==2.16.0 in /galaxy_venv/lib/python3.12/site-packages (from -r requirements.txt (line 23)) (2.16.0)
#10 10.51 Requirement already satisfied: bagit==1.8.1 in /galaxy_venv/lib/python3.12/site-packages (from -r requirements.txt (line 25)) (1.8.1)
#10 10.51 Requirement already satisfied: bagit-profile==1.3.1 in /galaxy_venv/lib/python3.12/site-packages (from -r requirements.txt (line 26)) (1.3.1)
#10 10.51 Requirement already satisfied: bcrypt==4.2.0 in /galaxy_venv/lib/python3.12/site-packages (from -r requirements.txt (line 27)) (4.2.0)
#10 10.51 Requirement already satisfied: bdbag==1.7.3 in /galaxy_venv/lib/python3.12/site-packages (from -r requirements.txt (line 28)) (1.7.3)
#10 10.51 Requirement already satisfied: beaker==1.13.0 in /galaxy_venv/lib/python3.12/site-packages (from -r requirements.txt (line 29)) (1.13.0)
#10 10.51 Requirement already satisfied: billiard==4.2.1 in /galaxy_venv/lib/python3.12/site-packages (from -r requirements.txt (line 30)) (4.2.1)
#10 10.51 Requirement already satisfied: bioblend==1.4.0 in /galaxy_venv/lib/python3.12/site-packages (from -r requirements.txt (line 31)) (1.4.0)
#10 10.51 Requirement already satisfied: bleach==6.1.0 in /galaxy_venv/lib/python3.12/site-packages (from -r requirements.txt (line 32)) (6.1.0)
#10 10.51 Requirement already satisfied: boltons==24.1.0 in /galaxy_venv/lib/python3.12/site-packages (from -r requirements.txt (line 33)) (24.1.0)
#10 10.52 Requirement already satisfied: boto==2.49.0 in /galaxy_venv/lib/python3.12/site-packages (from -r requirements.txt (line 34)) (2.49.0)
#10 10.52 Requirement already satisfied: botocore==1.35.36 in /galaxy_venv/lib/python3.12/site-packages (from -r requirements.txt (line 35)) (1.35.36)
#10 10.52 Requirement already satisfied: bx-python==0.13.0 in /galaxy_venv/lib/python3.12/site-packages (from -r requirements.txt (line 36)) (0.13.0)
#10 10.52 Requirement already satisfied: cachecontrol==0.14.1 in /galaxy_venv/lib/python3.12/site-packages (from -r requirements.txt (line 37)) (0.14.1)
#10 10.52 Requirement already satisfied: celery==5.4.0 in /galaxy_venv/lib/python3.12/site-packages (from -r requirements.txt (line 38)) (5.4.0)
#10 11.09 Collecting certifi==2024.8.30 (from -r requirements.txt (line 39))
#10 11.18   Downloading certifi-2024.8.30-py3-none-any.whl.metadata (2.2 kB)
#10 11.24 Requirement already satisfied: cffi==1.17.1 in /galaxy_venv/lib/python3.12/site-packages (from -r requirements.txt (line 40)) (1.17.1)
#10 11.64 Collecting charset-normalizer==3.4.0 (from -r requirements.txt (line 41))
#10 11.66   Downloading charset_normalizer-3.4.0-cp312-cp312-manylinux_2_17_x86_64.manylinux2014_x86_64.whl.metadata (34 kB)
#10 11.72 Requirement already satisfied: circus==0.18.0 in /galaxy_venv/lib/python3.12/site-packages (from -r requirements.txt (line 42)) (0.18.0)
#10 12.03 Collecting click==8.1.7 (from -r requirements.txt (line 43))
#10 12.05   Downloading click-8.1.7-py3-none-any.whl.metadata (3.0 kB)
#10 12.10 Requirement already satisfied: click-didyoumean==0.3.1 in /galaxy_venv/lib/python3.12/site-packages (from -r requirements.txt (line 44)) (0.3.1)
#10 12.10 Requirement already satisfied: click-plugins==1.1.1 in /galaxy_venv/lib/python3.12/site-packages (from -r requirements.txt (line 45)) (1.1.1)
#10 12.10 Requirement already satisfied: click-repl==0.3.0 in /galaxy_venv/lib/python3.12/site-packages (from -r requirements.txt (line 46)) (0.3.0)
#10 12.10 Requirement already satisfied: cloudauthz==0.6.0 in /galaxy_venv/lib/python3.12/site-packages (from -r requirements.txt (line 47)) (0.6.0)
#10 12.10 Requirement already satisfied: cloudbridge==3.2.0 in /galaxy_venv/lib/python3.12/site-packages (from -r requirements.txt (line 48)) (3.2.0)
#10 12.10 Requirement already satisfied: coloredlogs==15.0.1 in /galaxy_venv/lib/python3.12/site-packages (from -r requirements.txt (line 50)) (15.0.1)
#10 12.10 Requirement already satisfied: conda-package-streaming==0.11.0 in /galaxy_venv/lib/python3.12/site-packages (from -r requirements.txt (line 51)) (0.11.0)
#10 12.10 Requirement already satisfied: cryptography==43.0.3 in /galaxy_venv/lib/python3.12/site-packages (from -r requirements.txt (line 52)) (43.0.3)
#10 12.10 Requirement already satisfied: ct3==3.3.3.post1 in /galaxy_venv/lib/python3.12/site-packages (from -r requirements.txt (line 53)) (3.3.3.post1)
#10 12.10 Requirement already satisfied: cwl-upgrader==1.2.11 in /galaxy_venv/lib/python3.12/site-packages (from -r requirements.txt (line 54)) (1.2.11)
#10 12.10 Requirement already satisfied: cwl-utils==0.35 in /galaxy_venv/lib/python3.12/site-packages (from -r requirements.txt (line 55)) (0.35)
#10 12.10 Requirement already satisfied: cwltool==3.1.20241007082533 in /galaxy_venv/lib/python3.12/site-packages (from -r requirements.txt (line 56)) (3.1.20241007082533)
#10 12.10 Requirement already satisfied: defusedxml==0.7.1 in /galaxy_venv/lib/python3.12/site-packages (from -r requirements.txt (line 57)) (0.7.1)
#10 12.10 Requirement already satisfied: deprecation==2.1.0 in /galaxy_venv/lib/python3.12/site-packages (from -r requirements.txt (line 58)) (2.1.0)
#10 12.11 Requirement already satisfied: dictobj==0.4 in /galaxy_venv/lib/python3.12/site-packages (from -r requirements.txt (line 59)) (0.4)
#10 12.11 Requirement already satisfied: dnspython==2.6.1 in /galaxy_venv/lib/python3.12/site-packages (from -r requirements.txt (line 60)) (2.6.1)
#10 12.11 Requirement already satisfied: docopt==0.6.2 in /galaxy_venv/lib/python3.12/site-packages (from -r requirements.txt (line 61)) (0.6.2)
#10 12.11 Requirement already satisfied: docutils==0.20.1 in /galaxy_venv/lib/python3.12/site-packages (from -r requirements.txt (line 62)) (0.20.1)
#10 12.11 Requirement already satisfied: dparse==0.6.4 in /galaxy_venv/lib/python3.12/site-packages (from -r requirements.txt (line 63)) (0.6.4)
#10 12.11 Requirement already satisfied: edam-ontology==1.25.2 in /galaxy_venv/lib/python3.12/site-packages (from -r requirements.txt (line 64)) (1.25.2)
#10 12.11 Requirement already satisfied: email-validator==2.2.0 in /galaxy_venv/lib/python3.12/site-packages (from -r requirements.txt (line 65)) (2.2.0)
#10 12.11 Requirement already satisfied: fastapi-slim==0.115.5 in /galaxy_venv/lib/python3.12/site-packages (from -r requirements.txt (line 67)) (0.115.5)
#10 12.11 Requirement already satisfied: filelock==3.16.1 in /galaxy_venv/lib/python3.12/site-packages (from -r requirements.txt (line 68)) (3.16.1)
#10 12.11 Requirement already satisfied: frozenlist==1.5.0 in /galaxy_venv/lib/python3.12/site-packages (from -r requirements.txt (line 70)) (1.5.0)
#10 12.11 Requirement already satisfied: fs==2.4.16 in /galaxy_venv/lib/python3.12/site-packages (from -r requirements.txt (line 71)) (2.4.16)
#10 12.11 Requirement already satisfied: fsspec==2024.10.0 in /galaxy_venv/lib/python3.12/site-packages (from -r requirements.txt (line 72)) (2024.10.0)
#10 12.11 Requirement already satisfied: future==1.0.0 in /galaxy_venv/lib/python3.12/site-packages (from -r requirements.txt (line 73)) (1.0.0)
#10 12.11 Requirement already satisfied: galaxy2cwl==0.1.4 in /galaxy_venv/lib/python3.12/site-packages (from -r requirements.txt (line 74)) (0.1.4)
#10 12.11 Requirement already satisfied: graphene==3.4.3 in /galaxy_venv/lib/python3.12/site-packages (from -r requirements.txt (line 75)) (3.4.3)
#10 12.11 Requirement already satisfied: graphene-sqlalchemy==3.0.0rc1 in /galaxy_venv/lib/python3.12/site-packages (from -r requirements.txt (line 76)) (3.0.0rc1)
#10 12.11 Requirement already satisfied: graphql-core==3.2.5 in /galaxy_venv/lib/python3.12/site-packages (from -r requirements.txt (line 77)) (3.2.5)
#10 12.11 Requirement already satisfied: graphql-relay==3.2.0 in /galaxy_venv/lib/python3.12/site-packages (from -r requirements.txt (line 78)) (3.2.0)
#10 12.11 Requirement already satisfied: gravity==1.0.6 in /galaxy_venv/lib/python3.12/site-packages (from -r requirements.txt (line 79)) (1.0.6)
#10 12.11 Requirement already satisfied: greenlet==3.1.1 in /galaxy_venv/lib/python3.12/site-packages (from -r requirements.txt (line 80)) (3.1.1)
#10 12.11 Requirement already satisfied: gunicorn==23.0.0 in /galaxy_venv/lib/python3.12/site-packages (from -r requirements.txt (line 81)) (23.0.0)
#10 12.11 Requirement already satisfied: gxformat2==0.20.0 in /galaxy_venv/lib/python3.12/site-packages (from -r requirements.txt (line 82)) (0.20.0)
#10 12.12 Requirement already satisfied: h11==0.14.0 in /galaxy_venv/lib/python3.12/site-packages (from -r requirements.txt (line 83)) (0.14.0)
#10 12.12 Requirement already satisfied: h5grove==2.3.0 in /galaxy_venv/lib/python3.12/site-packages (from -r requirements.txt (line 84)) (2.3.0)
#10 12.12 Requirement already satisfied: h5py==3.12.1 in /galaxy_venv/lib/python3.12/site-packages (from -r requirements.txt (line 86)) (3.12.1)
#10 12.12 Requirement already satisfied: humanfriendly==10.0 in /galaxy_venv/lib/python3.12/site-packages (from -r requirements.txt (line 87)) (10.0)
#10 12.12 Requirement already satisfied: idna==3.10 in /galaxy_venv/lib/python3.12/site-packages (from -r requirements.txt (line 88)) (3.10)
#10 12.12 Requirement already satisfied: importlib-metadata==8.5.0 in /galaxy_venv/lib/python3.12/site-packages (from -r requirements.txt (line 89)) (8.5.0)
#10 12.12 Requirement already satisfied: isal==1.7.1 in /galaxy_venv/lib/python3.12/site-packages (from -r requirements.txt (line 92)) (1.7.1)
#10 12.12 Requirement already satisfied: isodate==0.6.1 in /galaxy_venv/lib/python3.12/site-packages (from -r requirements.txt (line 93)) (0.6.1)
#10 12.12 Requirement already satisfied: jinja2==3.1.4 in /galaxy_venv/lib/python3.12/site-packages (from -r requirements.txt (line 94)) (3.1.4)
#10 12.12 Requirement already satisfied: jmespath==1.0.1 in /galaxy_venv/lib/python3.12/site-packages (from -r requirements.txt (line 95)) (1.0.1)
#10 12.12 Requirement already satisfied: jsonref==1.1.0 in /galaxy_venv/lib/python3.12/site-packages (from -r requirements.txt (line 96)) (1.1.0)
#10 12.12 Requirement already satisfied: jsonschema==4.23.0 in /galaxy_venv/lib/python3.12/site-packages (from -r requirements.txt (line 97)) (4.23.0)
#10 12.12 Requirement already satisfied: jsonschema-specifications==2023.12.1 in /galaxy_venv/lib/python3.12/site-packages (from -r requirements.txt (line 98)) (2023.12.1)
#10 12.12 Requirement already satisfied: kombu==5.4.2 in /galaxy_venv/lib/python3.12/site-packages (from -r requirements.txt (line 99)) (5.4.2)
#10 12.12 Requirement already satisfied: lagom==2.6.0 in /galaxy_venv/lib/python3.12/site-packages (from -r requirements.txt (line 100)) (2.6.0)
#10 12.62 Collecting lxml==5.3.0 (from -r requirements.txt (line 102))
#10 12.64   Downloading lxml-5.3.0-cp312-cp312-manylinux_2_28_x86_64.whl.metadata (3.8 kB)
#10 12.70 Requirement already satisfied: mako==1.3.6 in /galaxy_venv/lib/python3.12/site-packages (from -r requirements.txt (line 103)) (1.3.6)
#10 12.70 Requirement already satisfied: markdown==3.7 in /galaxy_venv/lib/python3.12/site-packages (from -r requirements.txt (line 104)) (3.7)
#10 12.70 Requirement already satisfied: markdown-it-py==3.0.0 in /galaxy_venv/lib/python3.12/site-packages (from -r requirements.txt (line 105)) (3.0.0)
#10 12.70 Requirement already satisfied: markupsafe==2.1.5 in /galaxy_venv/lib/python3.12/site-packages (from -r requirements.txt (line 106)) (2.1.5)
#10 12.70 Requirement already satisfied: mdurl==0.1.2 in /galaxy_venv/lib/python3.12/site-packages (from -r requirements.txt (line 107)) (0.1.2)
#10 12.70 Requirement already satisfied: mercurial==6.8.2 in /galaxy_venv/lib/python3.12/site-packages (from -r requirements.txt (line 108)) (6.8.2)
#10 12.70 Requirement already satisfied: mistune==3.0.2 in /galaxy_venv/lib/python3.12/site-packages (from -r requirements.txt (line 109)) (3.0.2)
#10 12.70 Requirement already satisfied: mrcfile==1.5.3 in /galaxy_venv/lib/python3.12/site-packages (from -r requirements.txt (line 110)) (1.5.3)
#10 12.70 Requirement already satisfied: msal==1.31.0 in /galaxy_venv/lib/python3.12/site-packages (from -r requirements.txt (line 111)) (1.31.0)
#10 12.70 Requirement already satisfied: msgpack==1.1.0 in /galaxy_venv/lib/python3.12/site-packages (from -r requirements.txt (line 112)) (1.1.0)
#10 12.71 Requirement already satisfied: multidict==6.1.0 in /galaxy_venv/lib/python3.12/site-packages (from -r requirements.txt (line 113)) (6.1.0)
#10 12.71 Requirement already satisfied: mypy-extensions==1.0.0 in /galaxy_venv/lib/python3.12/site-packages (from -r requirements.txt (line 114)) (1.0.0)
#10 12.71 Requirement already satisfied: networkx==3.1 in /galaxy_venv/lib/python3.12/site-packages (from -r requirements.txt (line 115)) (3.1)
#10 12.71 Requirement already satisfied: nodeenv==1.9.1 in /galaxy_venv/lib/python3.12/site-packages (from -r requirements.txt (line 116)) (1.9.1)
#10 12.71 Requirement already satisfied: numpy==2.1.3 in /galaxy_venv/lib/python3.12/site-packages (from -r requirements.txt (line 119)) (2.1.3)
#10 12.71 Requirement already satisfied: oauthlib==3.2.2 in /galaxy_venv/lib/python3.12/site-packages (from -r requirements.txt (line 120)) (3.2.2)
#10 12.71 Requirement already satisfied: orjson==3.10.11 in /galaxy_venv/lib/python3.12/site-packages (from -r requirements.txt (line 121)) (3.10.11)
#10 12.71 Requirement already satisfied: oyaml==1.0 in /galaxy_venv/lib/python3.12/site-packages (from -r requirements.txt (line 122)) (1.0)
#10 12.71 Requirement already satisfied: packaging==24.2 in /galaxy_venv/lib/python3.12/site-packages (from -r requirements.txt (line 123)) (24.2)
#10 12.71 Requirement already satisfied: paramiko==3.5.0 in /galaxy_venv/lib/python3.12/site-packages (from -r requirements.txt (line 124)) (3.5.0)
#10 12.71 Requirement already satisfied: parsley==1.3 in /galaxy_venv/lib/python3.12/site-packages (from -r requirements.txt (line 125)) (1.3)
#10 12.71 Requirement already satisfied: paste==3.10.1 in /galaxy_venv/lib/python3.12/site-packages (from -r requirements.txt (line 126)) (3.10.1)
#10 12.71 Requirement already satisfied: pastedeploy==3.1.0 in /galaxy_venv/lib/python3.12/site-packages (from -r requirements.txt (line 127)) (3.1.0)
#10 12.71 Requirement already satisfied: pebble==5.0.7 in /galaxy_venv/lib/python3.12/site-packages (from -r requirements.txt (line 128)) (5.0.7)
#10 12.71 Requirement already satisfied: pillow==10.4.0 in /galaxy_venv/lib/python3.12/site-packages (from -r requirements.txt (line 129)) (10.4.0)
#10 12.71 Requirement already satisfied: promise==2.3 in /galaxy_venv/lib/python3.12/site-packages (from -r requirements.txt (line 131)) (2.3)
#10 13.00 Collecting prompt-toolkit==3.0.48 (from -r requirements.txt (line 132))
#10 13.02   Downloading prompt_toolkit-3.0.48-py3-none-any.whl.metadata (6.4 kB)
#10 13.07 Requirement already satisfied: propcache==0.2.0 in /galaxy_venv/lib/python3.12/site-packages (from -r requirements.txt (line 133)) (0.2.0)
#10 13.07 Requirement already satisfied: prov==1.5.1 in /galaxy_venv/lib/python3.12/site-packages (from -r requirements.txt (line 134)) (1.5.1)
#10 13.07 Requirement already satisfied: psutil==6.1.0 in /galaxy_venv/lib/python3.12/site-packages (from -r requirements.txt (line 135)) (6.1.0)
#10 13.07 Requirement already satisfied: pulsar-galaxy-lib==0.15.6 in /galaxy_venv/lib/python3.12/site-packages (from -r requirements.txt (line 136)) (0.15.6)
#10 13.07 Requirement already satisfied: pycparser==2.22 in /galaxy_venv/lib/python3.12/site-packages (from -r requirements.txt (line 137)) (2.22)
#10 13.07 Requirement already satisfied: pycryptodome==3.21.0 in /galaxy_venv/lib/python3.12/site-packages (from -r requirements.txt (line 138)) (3.21.0)
#10 13.41 Collecting pydantic==2.9.2 (from -r requirements.txt (line 139))
#10 13.45   Downloading pydantic-2.9.2-py3-none-any.whl.metadata (149 kB)
#10 14.42 Collecting pydantic-core==2.23.4 (from -r requirements.txt (line 140))
#10 14.44   Downloading pydantic_core-2.23.4-cp312-cp312-manylinux_2_17_x86_64.manylinux2014_x86_64.whl.metadata (6.6 kB)
#10 14.50 Requirement already satisfied: pydantic-tes==0.1.5 in /galaxy_venv/lib/python3.12/site-packages (from -r requirements.txt (line 141)) (0.1.5)
#10 14.50 Requirement already satisfied: pydot==2.0.0 in /galaxy_venv/lib/python3.12/site-packages (from -r requirements.txt (line 142)) (2.0.0)
#10 14.50 Requirement already satisfied: pyeventsystem==0.1.0 in /galaxy_venv/lib/python3.12/site-packages (from -r requirements.txt (line 143)) (0.1.0)
#10 14.50 Requirement already satisfied: pyfaidx==0.8.1.3 in /galaxy_venv/lib/python3.12/site-packages (from -r requirements.txt (line 144)) (0.8.1.3)
#10 14.50 Requirement already satisfied: pygments==2.18.0 in /galaxy_venv/lib/python3.12/site-packages (from -r requirements.txt (line 145)) (2.18.0)
#10 14.50 Requirement already satisfied: pyjwt==2.9.0 in /galaxy_venv/lib/python3.12/site-packages (from -r requirements.txt (line 146)) (2.9.0)
#10 14.50 Requirement already satisfied: pykwalify==1.8.0 in /galaxy_venv/lib/python3.12/site-packages (from -r requirements.txt (line 147)) (1.8.0)
#10 14.50 Requirement already satisfied: pylibmagic==0.5.0 in /galaxy_venv/lib/python3.12/site-packages (from -r requirements.txt (line 148)) (0.5.0)
#10 14.50 Requirement already satisfied: pynacl==1.5.0 in /galaxy_venv/lib/python3.12/site-packages (from -r requirements.txt (line 149)) (1.5.0)
#10 14.50 Requirement already satisfied: pyparsing==3.1.4 in /galaxy_venv/lib/python3.12/site-packages (from -r requirements.txt (line 150)) (3.1.4)
#10 14.50 Requirement already satisfied: pysam==0.22.1 in /galaxy_venv/lib/python3.12/site-packages (from -r requirements.txt (line 152)) (0.22.1)
#10 14.50 Requirement already satisfied: python-dateutil==2.9.0.post0 in /galaxy_venv/lib/python3.12/site-packages (from -r requirements.txt (line 153)) (2.9.0.post0)
#10 14.50 Requirement already satisfied: python-magic==0.4.27 in /galaxy_venv/lib/python3.12/site-packages (from -r requirements.txt (line 154)) (0.4.27)
#10 14.50 Requirement already satisfied: python-multipart==0.0.17 in /galaxy_venv/lib/python3.12/site-packages (from -r requirements.txt (line 155)) (0.0.17)
#10 14.51 Requirement already satisfied: python-slugify==8.0.4 in /galaxy_venv/lib/python3.12/site-packages (from -r requirements.txt (line 156)) (8.0.4)
#10 14.51 Requirement already satisfied: python3-openid==3.2.0 in /galaxy_venv/lib/python3.12/site-packages (from -r requirements.txt (line 157)) (3.2.0)
#10 14.88 Collecting pytz==2024.2 (from -r requirements.txt (line 158))
#10 14.90   Downloading pytz-2024.2-py2.py3-none-any.whl.metadata (22 kB)
#10 14.95 Requirement already satisfied: pyyaml==6.0.2 in /galaxy_venv/lib/python3.12/site-packages (from -r requirements.txt (line 159)) (6.0.2)
#10 14.95 Requirement already satisfied: pyzmq==26.2.0 in /galaxy_venv/lib/python3.12/site-packages (from -r requirements.txt (line 160)) (26.2.0)
#10 14.95 Requirement already satisfied: rdflib==6.3.2 in /galaxy_venv/lib/python3.12/site-packages (from -r requirements.txt (line 161)) (6.3.2)
#10 14.95 Requirement already satisfied: referencing==0.35.1 in /galaxy_venv/lib/python3.12/site-packages (from -r requirements.txt (line 162)) (0.35.1)
#10 14.95 Requirement already satisfied: refgenconf==0.12.2 in /galaxy_venv/lib/python3.12/site-packages (from -r requirements.txt (line 163)) (0.12.2)
#10 14.95 Requirement already satisfied: regex==2024.11.6 in /galaxy_venv/lib/python3.12/site-packages (from -r requirements.txt (line 164)) (2024.11.6)
#10 14.95 Requirement already satisfied: repoze-lru==0.7 in /galaxy_venv/lib/python3.12/site-packages (from -r requirements.txt (line 165)) (0.7)
#10 14.95 Requirement already satisfied: requests==2.32.3 in /galaxy_venv/lib/python3.12/site-packages (from -r requirements.txt (line 166)) (2.32.3)
#10 14.95 Requirement already satisfied: requests-oauthlib==2.0.0 in /galaxy_venv/lib/python3.12/site-packages (from -r requirements.txt (line 167)) (2.0.0)
#10 14.95 Requirement already satisfied: requests-toolbelt==1.0.0 in /galaxy_venv/lib/python3.12/site-packages (from -r requirements.txt (line 168)) (1.0.0)
#10 14.96 Requirement already satisfied: requests-unixsocket==0.3.0 in /galaxy_venv/lib/python3.12/site-packages (from -r requirements.txt (line 169)) (0.3.0)
#10 14.96 Requirement already satisfied: rich==13.9.4 in /galaxy_venv/lib/python3.12/site-packages (from -r requirements.txt (line 170)) (13.9.4)
#10 14.96 Requirement already satisfied: rocrate==0.11.0 in /galaxy_venv/lib/python3.12/site-packages (from -r requirements.txt (line 171)) (0.11.0)
#10 14.96 Requirement already satisfied: routes==2.5.1 in /galaxy_venv/lib/python3.12/site-packages (from -r requirements.txt (line 172)) (2.5.1)
#10 14.96 Requirement already satisfied: rpds-py==0.20.1 in /galaxy_venv/lib/python3.12/site-packages (from -r requirements.txt (line 173)) (0.20.1)
#10 14.96 Requirement already satisfied: ruamel-yaml==0.18.6 in /galaxy_venv/lib/python3.12/site-packages (from -r requirements.txt (line 174)) (0.18.6)
#10 14.96 Requirement already satisfied: ruamel-yaml-clib==0.2.8 in /galaxy_venv/lib/python3.12/site-packages (from -r requirements.txt (line 175)) (0.2.8)
#10 14.96 Requirement already satisfied: s3fs==2024.10.0 in /galaxy_venv/lib/python3.12/site-packages (from -r requirements.txt (line 176)) (2024.10.0)
#10 14.96 Requirement already satisfied: schema-salad==8.7.20241010092723 in /galaxy_venv/lib/python3.12/site-packages (from -r requirements.txt (line 177)) (8.7.20241010092723)
#10 15.26 Collecting setuptools==75.3.0 (from -r requirements.txt (line 178))
#10 15.30   Downloading setuptools-75.3.0-py3-none-any.whl.metadata (6.9 kB)
#10 15.37 Requirement already satisfied: setuptools-scm==5.0.2 in /galaxy_venv/lib/python3.12/site-packages (from -r requirements.txt (line 179)) (5.0.2)
#10 15.66 Collecting six==1.16.0 (from -r requirements.txt (line 180))
#10 15.68   Downloading six-1.16.0-py2.py3-none-any.whl.metadata (1.8 kB)
#10 15.73 Requirement already satisfied: sniffio==1.3.1 in /galaxy_venv/lib/python3.12/site-packages (from -r requirements.txt (line 181)) (1.3.1)
#10 15.74 Requirement already satisfied: social-auth-core==4.5.4 in /galaxy_venv/lib/python3.12/site-packages (from -r requirements.txt (line 182)) (4.5.4)
#10 15.74 Requirement already satisfied: sortedcontainers==2.4.0 in /galaxy_venv/lib/python3.12/site-packages (from -r requirements.txt (line 183)) (2.4.0)
#10 15.74 Requirement already satisfied: spython==0.3.14 in /galaxy_venv/lib/python3.12/site-packages (from -r requirements.txt (line 184)) (0.3.14)
#10 15.74 Requirement already satisfied: sqlalchemy==2.0.35 in /galaxy_venv/lib/python3.12/site-packages (from -r requirements.txt (line 185)) (2.0.35)
#10 15.74 Requirement already satisfied: sqlitedict==2.1.0 in /galaxy_venv/lib/python3.12/site-packages (from -r requirements.txt (line 186)) (2.1.0)
#10 15.74 Requirement already satisfied: sqlparse==0.5.2 in /galaxy_venv/lib/python3.12/site-packages (from -r requirements.txt (line 187)) (0.5.2)
#10 15.74 Requirement already satisfied: starlette==0.41.2 in /galaxy_venv/lib/python3.12/site-packages (from -r requirements.txt (line 188)) (0.41.2)
#10 15.74 Requirement already satisfied: starlette-context==0.3.6 in /galaxy_venv/lib/python3.12/site-packages (from -r requirements.txt (line 189)) (0.3.6)
#10 15.74 Requirement already satisfied: starlette-graphene3==0.6.0 in /galaxy_venv/lib/python3.12/site-packages (from -r requirements.txt (line 190)) (0.6.0)
#10 15.74 Requirement already satisfied: supervisor==4.2.5 in /galaxy_venv/lib/python3.12/site-packages (from -r requirements.txt (line 191)) (4.2.5)
#10 15.74 Requirement already satisfied: svgwrite==1.4.3 in /galaxy_venv/lib/python3.12/site-packages (from -r requirements.txt (line 192)) (1.4.3)
#10 15.74 Requirement already satisfied: tenacity==9.0.0 in /galaxy_venv/lib/python3.12/site-packages (from -r requirements.txt (line 193)) (9.0.0)
#10 15.74 Requirement already satisfied: text-unidecode==1.3 in /galaxy_venv/lib/python3.12/site-packages (from -r requirements.txt (line 194)) (1.3)
#10 15.74 Requirement already satisfied: tifffile==2023.7.10 in /galaxy_venv/lib/python3.12/site-packages (from -r requirements.txt (line 195)) (2023.7.10)
#10 15.74 Requirement already satisfied: tinydb==4.8.2 in /galaxy_venv/lib/python3.12/site-packages (from -r requirements.txt (line 196)) (4.8.2)
#10 16.04 Collecting tornado==6.4.1 (from -r requirements.txt (line 198))
#10 16.06   Downloading tornado-6.4.1-cp38-abi3-manylinux_2_5_x86_64.manylinux1_x86_64.manylinux_2_17_x86_64.manylinux2014_x86_64.whl.metadata (2.5 kB)
#10 16.11 Requirement already satisfied: tqdm==4.67.0 in /galaxy_venv/lib/python3.12/site-packages (from -r requirements.txt (line 199)) (4.67.0)
#10 16.11 Requirement already satisfied: tuspy==1.0.3 in /galaxy_venv/lib/python3.12/site-packages (from -r requirements.txt (line 200)) (1.0.3)
#10 16.11 Requirement already satisfied: tuswsgi==0.5.5 in /galaxy_venv/lib/python3.12/site-packages (from -r requirements.txt (line 201)) (0.5.5)
#10 16.11 Requirement already satisfied: typing-extensions==4.12.2 in /galaxy_venv/lib/python3.12/site-packages (from -r requirements.txt (line 202)) (4.12.2)
#10 16.39 Collecting tzdata==2024.2 (from -r requirements.txt (line 203))
#10 16.41   Downloading tzdata-2024.2-py2.py3-none-any.whl.metadata (1.4 kB)
#10 16.46 Requirement already satisfied: tzlocal==5.2 in /galaxy_venv/lib/python3.12/site-packages (from -r requirements.txt (line 204)) (5.2)
#10 16.46 Requirement already satisfied: ubiquerg==0.8.0 in /galaxy_venv/lib/python3.12/site-packages (from -r requirements.txt (line 205)) (0.8.0)
#10 16.84 Collecting urllib3==1.26.20 (from -r requirements.txt (line 206))
#10 16.86   Downloading urllib3-1.26.20-py2.py3-none-any.whl.metadata (50 kB)
#10 16.97 Requirement already satisfied: uvicorn==0.32.0 in /galaxy_venv/lib/python3.12/site-packages (from -r requirements.txt (line 207)) (0.32.0)
#10 16.97 Requirement already satisfied: uvloop==0.21.0 in /galaxy_venv/lib/python3.12/site-packages (from -r requirements.txt (line 208)) (0.21.0)
#10 16.97 Requirement already satisfied: vine==5.1.0 in /galaxy_venv/lib/python3.12/site-packages (from -r requirements.txt (line 209)) (5.1.0)
#10 16.97 Requirement already satisfied: wcwidth==0.2.13 in /galaxy_venv/lib/python3.12/site-packages (from -r requirements.txt (line 210)) (0.2.13)
#10 16.97 Requirement already satisfied: webencodings==0.5.1 in /galaxy_venv/lib/python3.12/site-packages (from -r requirements.txt (line 211)) (0.5.1)
#10 16.97 Requirement already satisfied: webob==1.8.9 in /galaxy_venv/lib/python3.12/site-packages (from -r requirements.txt (line 212)) (1.8.9)
#10 16.97 Requirement already satisfied: whoosh==2.7.4 in /galaxy_venv/lib/python3.12/site-packages (from -r requirements.txt (line 213)) (2.7.4)
#10 16.97 Requirement already satisfied: wrapt==1.16.0 in /galaxy_venv/lib/python3.12/site-packages (from -r requirements.txt (line 214)) (1.16.0)
#10 16.97 Requirement already satisfied: yacman==0.9.3 in /galaxy_venv/lib/python3.12/site-packages (from -r requirements.txt (line 215)) (0.9.3)
#10 16.97 Requirement already satisfied: yarl==1.15.2 in /galaxy_venv/lib/python3.12/site-packages (from -r requirements.txt (line 216)) (1.15.2)
#10 16.97 Requirement already satisfied: zipp==3.20.2 in /galaxy_venv/lib/python3.12/site-packages (from -r requirements.txt (line 217)) (3.20.2)
#10 16.98 Requirement already satisfied: zipstream-new==1.1.8 in /galaxy_venv/lib/python3.12/site-packages (from -r requirements.txt (line 218)) (1.1.8)
#10 16.98 Requirement already satisfied: zstandard==0.23.0 in /galaxy_venv/lib/python3.12/site-packages (from -r requirements.txt (line 219)) (0.23.0)
#10 17.83 Downloading certifi-2024.8.30-py3-none-any.whl (167 kB)
#10 17.92 Downloading charset_normalizer-3.4.0-cp312-cp312-manylinux_2_17_x86_64.manylinux2014_x86_64.whl (143 kB)
#10 18.00 Downloading click-8.1.7-py3-none-any.whl (97 kB)
#10 18.11 Downloading lxml-5.3.0-cp312-cp312-manylinux_2_28_x86_64.whl (4.9 MB)
#10 18.29    ━━━━━━━━━━━━━━━━━━━━━━━━━━━━━━━━━━━━━━━━ 4.9/4.9 MB 27.3 MB/s eta 0:00:00
#10 18.31 Downloading prompt_toolkit-3.0.48-py3-none-any.whl (386 kB)
#10 18.39 Downloading pydantic-2.9.2-py3-none-any.whl (434 kB)
#10 18.47 Downloading pydantic_core-2.23.4-cp312-cp312-manylinux_2_17_x86_64.manylinux2014_x86_64.whl (2.1 MB)
#10 18.58    ━━━━━━━━━━━━━━━━━━━━━━━━━━━━━━━━━━━━━━━━ 2.1/2.1 MB 18.2 MB/s eta 0:00:00
#10 18.60 Downloading pytz-2024.2-py2.py3-none-any.whl (508 kB)
#10 18.68 Downloading setuptools-75.3.0-py3-none-any.whl (1.3 MB)
#10 18.77    ━━━━━━━━━━━━━━━━━━━━━━━━━━━━━━━━━━━━━━━━ 1.3/1.3 MB 12.4 MB/s eta 0:00:00
#10 18.79 Downloading six-1.16.0-py2.py3-none-any.whl (11 kB)
#10 18.87 Downloading tornado-6.4.1-cp38-abi3-manylinux_2_5_x86_64.manylinux1_x86_64.manylinux_2_17_x86_64.manylinux2014_x86_64.whl (436 kB)
#10 18.95 Downloading tzdata-2024.2-py2.py3-none-any.whl (346 kB)
#10 19.04 Downloading urllib3-1.26.20-py2.py3-none-any.whl (144 kB)
#10 19.37 Installing collected packages: pytz, urllib3, tzdata, tornado, six, setuptools, pydantic-core, prompt-toolkit, lxml, click, charset-normalizer, certifi, pydantic
#10 19.37   Attempting uninstall: pytz
#10 19.38     Found existing installation: pytz 2025.1
#10 19.40     Uninstalling pytz-2025.1:
#10 19.55       Successfully uninstalled pytz-2025.1
#10 19.80   Attempting uninstall: urllib3
#10 19.81     Found existing installation: urllib3 2.3.0
#10 19.81     Uninstalling urllib3-2.3.0:
#10 20.71       Successfully uninstalled urllib3-2.3.0
#10 20.85   Attempting uninstall: tzdata
#10 20.85     Found existing installation: tzdata 2025.1
#10 20.88     Uninstalling tzdata-2025.1:
#10 21.04       Successfully uninstalled tzdata-2025.1
#10 21.34   Attempting uninstall: tornado
#10 21.34     Found existing installation: tornado 6.4.2
#10 21.35     Uninstalling tornado-6.4.2:
#10 21.38       Successfully uninstalled tornado-6.4.2
#10 21.73   Attempting uninstall: six
#10 21.74     Found existing installation: six 1.17.0
#10 21.74     Uninstalling six-1.17.0:
#10 21.95       Successfully uninstalled six-1.17.0
#10 22.01   Attempting uninstall: setuptools
#10 22.01     Found existing installation: setuptools 75.8.1
#10 22.05     Uninstalling setuptools-75.8.1:
#10 25.91       Successfully uninstalled setuptools-75.8.1
#10 26.81   Attempting uninstall: pydantic-core
#10 26.82     Found existing installation: pydantic_core 2.27.2
#10 26.82     Uninstalling pydantic_core-2.27.2:
#10 26.83       Successfully uninstalled pydantic_core-2.27.2
#10 26.95   Attempting uninstall: prompt-toolkit
#10 26.95     Found existing installation: prompt_toolkit 3.0.50
#10 26.97     Uninstalling prompt_toolkit-3.0.50:
#10 27.02       Successfully uninstalled prompt_toolkit-3.0.50
#10 28.26   Attempting uninstall: lxml
#10 28.26     Found existing installation: lxml 5.3.1
#10 28.27     Uninstalling lxml-5.3.1:
#10 28.32       Successfully uninstalled lxml-5.3.1
#10 28.56   Attempting uninstall: click
#10 28.57     Found existing installation: click 8.1.8
#10 28.57     Uninstalling click-8.1.8:
#10 28.58       Successfully uninstalled click-8.1.8
#10 28.71   Attempting uninstall: charset-normalizer
#10 28.72     Found existing installation: charset-normalizer 3.4.1
#10 28.72     Uninstalling charset-normalizer-3.4.1:
#10 28.80       Successfully uninstalled charset-normalizer-3.4.1
#10 29.00   Attempting uninstall: certifi
#10 29.00     Found existing installation: certifi 2025.1.31
#10 29.00     Uninstalling certifi-2025.1.31:
#10 29.01       Successfully uninstalled certifi-2025.1.31
#10 29.08   Attempting uninstall: pydantic
#10 29.09     Found existing installation: pydantic 2.10.6
#10 29.10     Uninstalling pydantic-2.10.6:
#10 29.13       Successfully uninstalled pydantic-2.10.6
#10 29.49 Successfully installed certifi-2024.8.30 charset-normalizer-3.4.0 click-8.1.7 lxml-5.3.0 prompt-toolkit-3.0.48 pydantic-2.9.2 pydantic-core-2.23.4 pytz-2024.2 setuptools-75.3.0 six-1.16.0 tornado-6.4.1 tzdata-2024.2 urllib3-1.26.20
#10 29.50 
#10 29.50 [notice] A new release of pip is available: 25.0.1 -> 25.2
#10 29.50 [notice] To update, run: pip install --upgrade pip
#10 30.49 /galaxy/lib/galaxy/dependencies/__init__.py:72: FutureWarning: The behavior of this method will change in future versions. Use specific 'len(elem)' or 'elem is not None' test instead.
#10 30.49   if plugins_elem:
#10 31.46 Looking in indexes: https://wheels.galaxyproject.org/simple, https://pypi.python.org/simple
#10 31.99 Collecting psycopg2-binary==2.9.10 (from -r /dev/stdin (line 1))
#10 32.06   Downloading psycopg2_binary-2.9.10-cp312-cp312-manylinux_2_17_x86_64.manylinux2014_x86_64.whl.metadata (4.9 kB)
#10 32.11 Requirement already satisfied: drmaa in /galaxy_venv/lib/python3.12/site-packages (from -r /dev/stdin (line 2)) (0.7.9)
#10 32.13 Downloading psycopg2_binary-2.9.10-cp312-cp312-manylinux_2_17_x86_64.manylinux2014_x86_64.whl (3.0 MB)
#10 32.30    ━━━━━━━━━━━━━━━━━━━━━━━━━━━━━━━━━━━━━━━━ 3.0/3.0 MB 21.0 MB/s eta 0:00:00
#10 32.59 Installing collected packages: psycopg2-binary
#10 32.75 Successfully installed psycopg2-binary-2.9.10
#10 32.76 
#10 32.76 [notice] A new release of pip is available: 25.0.1 -> 25.2
#10 32.76 [notice] To update, run: pip install --upgrade pip
#10 33.25 Skipping Galaxy client build because git is not in use and the client build state cannot be compared against local changes.  If you have made local modifications, then manual client builds will be required.  See ./client/README.md for more information.
#10 33.88 Activating virtualenv at /galaxy_venv
#10 38.91 Executing: galaxyctl start
#10 39.22 Dynamic handlers are configured in Gravity but Galaxy is not configured to assign jobs to handlers dynamically, so these handlers will not handle jobs. Set the job handler assignment method in the Galaxy job configuration to `db-skip-locked` or `db-transaction-isolation` to fix this.
#10 39.39 Adding service gunicorn
#10 39.39 supervisord is not running
#10 39.39 Adding service celery
#10 39.39 supervisord is not running
#10 39.39 Adding service celery-beat
#10 39.39 supervisord is not running
#10 39.39 Adding service reports
#10 39.39 supervisord is not running
#10 39.39 Adding service handler
#10 39.39 supervisord is not running
#10 39.92 celery                           STARTING  
#10 39.92 celery-beat                      STARTING  
#10 39.92 gunicorn                         STARTING  
#10 39.92 handler:handler_0                STARTING  
#10 39.92 handler:handler_1                STARTING  
#10 39.92 reports                          STARTING  
#10 39.92 Log files are in /home/galaxy/logs
#10 39.96 Galaxy is sleeping
#10 39.96 cat: ./galaxy_install.pid: No such file or directory
#10 220.0 Galaxy is waking up
#10 220.0 cat: galaxy_install.pid: No such file or directory
#10 220.7 calling galaxy_wait with timeout=600 ensure_admin=False
#10 220.7 
#10 220.7 
#10 220.7 Galaxy Version: 24.2
#10 220.8 Creating admin user admin with key fakekey and password password if not existing
#10 225.3 /tool_deps/_conda/lib/python3.12/site-packages/Cheetah/SettingsManager.py:19: SyntaxWarning: invalid escape sequence '\('
#10 225.3   '[\(]*' + Number + r'[ \t]*\+[ \t]*' + Number + '[\)]*')
#10 225.3 /tool_deps/_conda/lib/python3.12/site-packages/Cheetah/SettingsManager.py:19: SyntaxWarning: invalid escape sequence '\)'
#10 225.3   '[\(]*' + Number + r'[ \t]*\+[ \t]*' + Number + '[\)]*')
#10 225.3 /tool_deps/_conda/lib/python3.12/site-packages/Cheetah/Parser.py:464: SyntaxWarning: invalid escape sequence '\*'
#10 225.3   + r'(?P<REFRESH_CACHE>\*' + interval + '\*)'
#10 225.3 /tool_deps/_conda/lib/python3.12/site-packages/Cheetah/Parser.py:557: SyntaxWarning: invalid escape sequence '\$'
#10 225.3   """Unescape any escaped Cheetah \$vars in the string.
#10 225.3 /tool_deps/_conda/lib/python3.12/site-packages/Cheetah/SourceReader.py:8: SyntaxWarning: invalid escape sequence '\s'
#10 225.3   ENCODINGsearch = re.compile("coding[=:]\s*([-\w.]+)").search
#10 225.3 /tool_deps/_conda/lib/python3.12/site-packages/Cheetah/Template.py:142: SyntaxWarning: invalid escape sequence '\*'
#10 225.3   '''
#10 225.3 /tool_deps/_conda/lib/python3.12/site-packages/Cheetah/Template.py:1617: SyntaxWarning: invalid escape sequence '\*'
#10 225.3   """Compile the template. This method is automatically called by
#10 225.3 /tool_deps/_conda/lib/python3.12/site-packages/Cheetah/Template.py:1728: SyntaxWarning: invalid escape sequence '\*'
#10 225.3   """Method for importing web transaction variables in bulk.
#10 225.3 /tool_deps/_conda/lib/python3.12/site-packages/Cheetah/Template.py:1984: SyntaxWarning: invalid escape sequence '\d'
#10 225.3   re.search('[ \t]*File.*line (\d+)', formatedExc).group(1))
#10 225.3 /tool_deps/_conda/lib/python3.12/site-packages/Cheetah/Template.py:2025: SyntaxWarning: invalid escape sequence '\d'
#10 225.3   cheetahPosMatch = re.search('line (\d+), col (\d+)', formatedExc)
#10 225.3 /tool_deps/_conda/lib/python3.12/site-packages/Cheetah/Template.py:2035: SyntaxWarning: invalid escape sequence '\d'
#10 225.3   cheetahPosMatch = re.search('line (\d+), col (\d+)',
#10 225.7 Storing log file in: /tmp/ephemeris_ah6tp09u
#10 225.9 (1/1) Installing repository suite_gaiac from jay to section "GAIAC Galaxy" at revision bbec99f6b04a (TRT: 0:00:00.228069)
#10 614.0 	repository suite_gaiac installed successfully (in 0:06:28.076454) at revision bbec99f6b04a
#10 614.0 Installed repositories (1): [('suite_gaiac', 'bbec99f6b04a')]
#10 614.0 Skipped repositories (0): []
#10 614.0 Errored repositories (0): []
#10 614.0 All repositories have been installed.
#10 614.0 Total run time: 0:06:28.305030
#10 DONE 618.9s

#11 [7/9] COPY gravity_2.yml /etc/galaxy/gravity.yml
#11 DONE 0.8s

#12 [8/9] RUN chmod -R 777 /galaxy
#12 DONE 347.0s

#13 [9/9] RUN chmod -R 777 /export
#13 DONE 1.3s

#14 exporting to image
#14 exporting layers
#14 exporting layers 38.1s done
#14 writing image sha256:9ab67a4e6ea132981564b37d24ef7d63f35d25c16c971ce0549871a67750f14d 0.0s done
#14 naming to docker.io/library/galaxy_docker:latest
#14 naming to docker.io/library/galaxy_docker:latest 0.1s done
#14 DONE 38.2s
