#1 [internal] load build definition from Dockerfile
#1 transferring dockerfile: 2.09kB done
#1 DONE 0.2s

#2 [internal] load .dockerignore
#2 transferring context: 2B done
#2 DONE 0.3s

#3 [internal] load metadata for quay.io/bgruening/galaxy:24.2
#3 DONE 0.4s

#4 [1/8] FROM quay.io/bgruening/galaxy:24.2@sha256:c7d449f104037de4c6da1835bf58379948e671926c14c2db5b0dd13b8268f767
#4 CACHED

#5 [internal] load build context
#5 transferring context: 3.04kB done
#5 DONE 0.2s

#6 [2/8] COPY config/gaiac.yml /etc/galaxy/tools.yml
#6 DONE 0.5s

#7 [3/8] COPY config/tool_conf.xml /etc/galaxy/tool_conf.xml
#7 DONE 0.6s

#8 [4/8] ADD galaxy.yml /etc/galaxy/galaxy.yml
#8 DONE 0.6s

#9 [5/8] ADD gravity.yml /etc/galaxy/gravity.yml
#9 DONE 0.7s

#10 [6/8] ADD install_tools_wrapper.sh /usr/bin/install-tools
#10 DONE 0.6s

#11 [7/8] RUN chmod +x /usr/bin/install-tools
#11 DONE 1.1s

#12 [8/8] RUN install-tools  /etc/galaxy/tools.yml &&     /tool_deps/_conda/bin/conda clean --tarballs --yes > /dev/null &&     rm /export/galaxy-central/ -rf &&     mkdir -p /home/galaxy/build_assets/workflows &&     mkdir -p /home/galaxy/build_assets/data_libraries
#12 0.969 Enable installation from the Test Tool Shed.
#12 0.969 GALAXY_CONFIG_TOOL_SHEDS_CONFIG_FILE
#12 CANCELED
ERROR: failed to solve: Canceled: context canceled
